<?xml version="1.0" encoding="UTF-8"?>
<robot generator="Robot 7.4.2 (Python 3.10.8 on win32)" generated="2026-05-19T19:31:08.852773" rpa="false" schemaversion="5">
<suite id="s1" name="Testrobot" source="D:\RPA-23CT2\robot\testrobot.robot">
<kw name="Open Browser" owner="SeleniumLibrary" type="SETUP">
<msg time="2026-05-19T19:31:09.105116" level="INFO">Opening browser 'chrome' to base url 'https://the-internet.herokuapp.com/login'.</msg>
<arg>${URL}</arg>
<arg>chrome</arg>
<doc>Opens a new browser instance to the optional ``url``.</doc>
<status status="PASS" start="2026-05-19T19:31:09.105116" elapsed="16.488224"/>
</kw>
<test id="s1-t1" name="TC01 - Kiem tra title trang Login" line="15">
<kw name="Title Should Be" owner="SeleniumLibrary">
<msg time="2026-05-19T19:31:25.601346" level="INFO">Page title is 'The Internet'.</msg>
<arg>${TITLE}</arg>
<doc>Verifies that the current page title equals ``title``.</doc>
<status status="PASS" start="2026-05-19T19:31:25.595352" elapsed="0.005994"/>
</kw>
<doc>Kiểm tra title của website</doc>
<status status="PASS" start="2026-05-19T19:31:25.593340" elapsed="0.008006"/>
</test>
<test id="s1-t2" name="TC02 - Dang nhap thanh cong" line="19">
<kw name="Open Browser" owner="SeleniumLibrary">
<msg time="2026-05-19T19:31:25.603431" level="INFO">Opening browser 'chrome' to base url 'https://the-internet.herokuapp.com/login'.</msg>
<arg>${URL}</arg>
<arg>chrome</arg>
<doc>Opens a new browser instance to the optional ``url``.</doc>
<status status="PASS" start="2026-05-19T19:31:25.603431" elapsed="60.624141"/>
</kw>
<kw name="Log" owner="BuiltIn">
<msg time="2026-05-19T19:32:26.228516" level="INFO">Opened Browser Successfully</msg>
<arg>Opened Browser Successfully</arg>
<doc>Logs the given message with the given level.</doc>
<status status="PASS" start="2026-05-19T19:32:26.228516" elapsed="0.000000"/>
</kw>
<kw name="Sleep" owner="BuiltIn">
<msg time="2026-05-19T19:32:30.244698" level="INFO">Slept 4 seconds.</msg>
<arg>4s</arg>
<doc>Pauses the test executed for the given time.</doc>
<status status="PASS" start="2026-05-19T19:32:26.228516" elapsed="4.018913"/>
</kw>
<kw name="Input Text" owner="SeleniumLibrary">
<msg time="2026-05-19T19:32:30.253895" level="INFO">Typing text 'tomsmith' into text field 'id=username'.</msg>
<arg>id=username</arg>
<arg>${USERNAME}</arg>
<doc>Types the given ``text`` into the text field identified by ``locator``.</doc>
<status status="PASS" start="2026-05-19T19:32:30.252212" elapsed="0.146586"/>
</kw>
<kw name="Input Text" owner="SeleniumLibrary">
<msg time="2026-05-19T19:32:30.400257" level="INFO">Typing text 'SuperSecretPassword!' into text field 'id=password'.</msg>
<arg>id=password</arg>
<arg>${PASSWORD}</arg>
<doc>Types the given ``text`` into the text field identified by ``locator``.</doc>
<status status="PASS" start="2026-05-19T19:32:30.398798" elapsed="0.088998"/>
</kw>
<status status="PASS" start="2026-05-19T19:31:25.602350" elapsed="64.885446"/>
</test>
<test id="s1-t3" name="TC03 - Dang nhap that bai voi username sai" line="32">
<kw name="Go To" owner="SeleniumLibrary">
<msg time="2026-05-19T19:32:30.488791" level="INFO">Opening url 'https://the-internet.herokuapp.com/login'</msg>
<arg>${URL}</arg>
<doc>Navigates the current browser window to the provided ``url``.</doc>
<status status="PASS" start="2026-05-19T19:32:30.488791" elapsed="0.487127"/>
</kw>
<kw name="Input Text" owner="SeleniumLibrary">
<msg time="2026-05-19T19:32:30.978008" level="INFO">Typing text 'invaliduser' into text field 'id=username'.</msg>
<arg>id=username</arg>
<arg>invaliduser</arg>
<doc>Types the given ``text`` into the text field identified by ``locator``.</doc>
<status status="PASS" start="2026-05-19T19:32:30.976919" elapsed="0.071399"/>
</kw>
<kw name="Input Text" owner="SeleniumLibrary">
<msg time="2026-05-19T19:32:31.048318" level="INFO">Typing text 'wrongpassword' into text field 'id=password'.</msg>
<arg>id=password</arg>
<arg>wrongpassword</arg>
<doc>Types the given ``text`` into the text field identified by ``locator``.</doc>
<status status="PASS" start="2026-05-19T19:32:31.048318" elapsed="0.064025"/>
</kw>
<kw name="Click Button" owner="SeleniumLibrary">
<msg time="2026-05-19T19:32:31.112343" level="INFO">Clicking button 'css=button[type='submit']'.</msg>
<arg>css=button[type='submit']</arg>
<doc>Clicks the button identified by ``locator``.</doc>
<status status="PASS" start="2026-05-19T19:32:31.112343" elapsed="0.996041"/>
</kw>
<kw name="Wait Until Page Contains" owner="SeleniumLibrary">
<arg>Your username is invalid!</arg>
<arg>timeout=10s</arg>
<doc>Waits until ``text`` appears on the current page.</doc>
<status status="PASS" start="2026-05-19T19:32:32.108384" elapsed="0.015975"/>
</kw>
<doc>Đăng nhập với tài khoản không hợp lệ và kiểm tra thông báo lỗi</doc>
<status status="PASS" start="2026-05-19T19:32:30.488791" elapsed="1.636948"/>
</test>
<kw name="Close Browser" owner="SeleniumLibrary" type="TEARDOWN">
<doc>Closes the current browser.</doc>
<status status="PASS" start="2026-05-19T19:32:32.126245" elapsed="2.162849"/>
</kw>
<status status="PASS" start="2026-05-19T19:31:08.855286" elapsed="85.433808"/>
</suite>
<statistics>
<total>
<stat pass="3" fail="0" skip="0">All Tests</stat>
</total>
<tag>
</tag>
<suite>
<stat name="Testrobot" id="s1" pass="3" fail="0" skip="0">Testrobot</stat>
</suite>
</statistics>
<errors>
</errors>
</robot>
